Marc Mentat (C)Copyright 1994-2016, MSC.Software Corporation, all rights reserved
Executing procedure file F:\Rolling_3D\Program\0711\userModule\f6\01_define_parameters_f6.proc...
Command > | Reset program
Command > *new_model yes
Command > *reset
Command > *set_nodes off
Command > *set_undo off
Command > *regenerate
Command > |
Command > | The below is changed by S.H. Kim 2016/06/08
Command > |---------------------------------------------------------
Command > | !P : Data from P LOG
Command > | !D : Data from Default Values without changing from UI
Command > | !U : Data from UI can be changed from UI
Command > | !C : Data calculated internally
Command > |---------------------------------------------------------
Command > |  Define roll modeling Parameters
Command > |
Command > |  Define the base Roll section model information
Command > |
Command > |!D base_wr_tdia : top work roll base diameter : mm :
Command > |!D base_wr_bdia : bottom work roll base diameter : mm :
Command > |!D base_bur_tdia : top backup roll base diameter : mm :
Command > |!D base_bur_bdia : bottom backup roll base diameter : mm :
Command > |
Command > |  *eval_define base_wr_tdia 420.0*2.0  |!D for F1-F3 
Command > |  *eval_define base_wr_bdia 420.0*2.0  |!D for F1-F3
Command > *eval_define base_wr_tdia 340.0*2.0  |!D for F4-F7
Command > *eval_define base_wr_bdia 340.0*2.0  |!D for F4-F7
Command > *eval_define base_bur_tdia 740.0*2.0 |!D 
Command > *eval_define base_bur_bdia 740.0*2.0 |!D
Command > 
Command > |
Command > |  Define Roll Diameter Information
Command > |
Command > |!P wr_tdia : top work roll diameter : mm : (WR TDIA)
Command > |!P wr_bdia : bottom work roll diameter : mm : (WR BDIA)
Command > |!P bur_tdia : top work roll diameter : mm : (BUR TDIA)
Command > |!P bur_bdia : bottom work roll diameter : mm : (BUR BDIA)
Command > |!P wr_crown : top & bottom workroll initial crown : mm : (WR ICRN)
Command > |
Command > *eval_define wr_tdia %WR TDIA% |!P
Bad float! %WRTDIA
Command > *eval_define wr_bdia %WR BDIA% |!P
Bad float! %WRBDIA
Command > *eval_define bur_tdia %BUR TDIA% |!P
*quit yes
